Kaleidescope/build/outputs/logs/manifest-merger-debug-report.txt
-- Merging decision tree log ---
manifest
ADDED from src/main/AndroidManifest.xml:17:1-66:12
	package
		ADDED from src/main/AndroidManifest.xml:17:120-160
		INJECTED from src/main/AndroidManifest.xml
		INJECTED from src/main/AndroidManifest.xml
	android:versionName
		ADDED from src/main/AndroidManifest.xml:17:94-119
		INJECTED from src/main/AndroidManifest.xml
		INJECTED from src/main/AndroidManifest.xml
	android:versionCode
		ADDED from src/main/AndroidManifest.xml:17:70-93
		INJECTED from src/main/AndroidManifest.xml
		INJECTED from src/main/AndroidManifest.xml
	xmlns:android
		ADDED from src/main/AndroidManifest.xml:17:11-69
	android:installLocation
		ADDED from src/main/AndroidManifest.xml:17:161-201
application
ADDED from src/main/AndroidManifest.xml:18:3-49:17
MERGED from [Kaleidescope:unitygvractivity:unspecified] AndroidManifest.xml:5:5-6:19
	android:label
		ADDED from src/main/AndroidManifest.xml:18:50-82
	android:debuggable
		ADDED from src/main/AndroidManifest.xml:18:83-108
	android:icon
		ADDED from src/main/AndroidManifest.xml:18:16-49
	android:banner
		ADDED from src/main/AndroidManifest.xml:18:131-168
	android:isGame
		ADDED from src/main/AndroidManifest.xml:18:109-130
activity#com.clickherelabs.kaleidescope.UnityPlayerActivity
ADDED from src/main/AndroidManifest.xml:19:5-47:16
	android:screenOrientation
		ADDED from src/main/AndroidManifest.xml:19:114-151
	android:label
		ADDED from src/main/AndroidManifest.xml:19:15-47
	android:launchMode
		ADDED from src/main/AndroidManifest.xml:19:152-183
	android:configChanges
		ADDED from src/main/AndroidManifest.xml:19:184-341
	android:name
		ADDED from src/main/AndroidManifest.xml:19:48-113
intent-filter#android.intent.action.MAIN+android.intent.action.VIEW+android.intent.category.BROWSABLE+android.intent.category.DEFAULT+android.intent.category.LAUNCHER+android.intent.category.LEANBACK_LAUNCHER+com.google.intent.category.CARDBOARD
ADDED from src/main/AndroidManifest.xml:20:7-33:23
action#android.intent.action.MAIN
ADDED from src/main/AndroidManifest.xml:21:9-61
	android:name
		ADDED from src/main/AndroidManifest.xml:21:17-58
action#android.intent.action.VIEW
ADDED from src/main/AndroidManifest.xml:22:11-63
	android:name
		ADDED from src/main/AndroidManifest.xml:22:19-60
category#android.intent.category.DEFAULT
ADDED from src/main/AndroidManifest.xml:24:11-70
	android:name
		ADDED from src/main/AndroidManifest.xml:24:21-67
category#android.intent.category.BROWSABLE
ADDED from src/main/AndroidManifest.xml:25:11-72
	android:name
		ADDED from src/main/AndroidManifest.xml:25:21-69
category#android.intent.category.LAUNCHER
ADDED from src/main/AndroidManifest.xml:27:9-69
	android:name
		ADDED from src/main/AndroidManifest.xml:27:19-66
category#com.google.intent.category.CARDBOARD
ADDED from src/main/AndroidManifest.xml:28:9-73
	android:name
		ADDED from src/main/AndroidManifest.xml:28:19-70
category#android.intent.category.LEANBACK_LAUNCHER
ADDED from src/main/AndroidManifest.xml:29:9-78
	android:name
		ADDED from src/main/AndroidManifest.xml:29:19-75
data
ADDED from src/main/AndroidManifest.xml:30:11-32:47
	android:path
		ADDED from src/main/AndroidManifest.xml:31:15-35
	android:scheme
		ADDED from src/main/AndroidManifest.xml:32:15-44
intent-filter#android.intent.action.VIEW+android.intent.category.BROWSABLE+android.intent.category.DEFAULT
ADDED from src/main/AndroidManifest.xml:35:9-44:25
meta-data#unityplayer.UnityActivity
ADDED from src/main/AndroidManifest.xml:46:7-82
	android:value
		ADDED from src/main/AndroidManifest.xml:46:59-79
	android:name
		ADDED from src/main/AndroidManifest.xml:46:18-58
meta-data#IMMERSIVE_MODE
ADDED from src/main/AndroidManifest.xml:48:5-69
	android:value
		ADDED from src/main/AndroidManifest.xml:48:46-66
	android:name
		ADDED from src/main/AndroidManifest.xml:48:16-45
uses-sdk
ADDED from src/main/AndroidManifest.xml:51:3-72
MERGED from [Kaleidescope:gvr_android_common:unspecified] AndroidManifest.xml:5:5-7:41
	android:targetSdkVersion
		ADDED from src/main/AndroidManifest.xml:51:40-69
		INJECTED from src/main/AndroidManifest.xml
		INJECTED from src/main/AndroidManifest.xml
	android:minSdkVersion
		ADDED from src/main/AndroidManifest.xml:51:13-39
		INJECTED from src/main/AndroidManifest.xml
		INJECTED from src/main/AndroidManifest.xml
uses-feature#0x00020000
ADDED from src/main/AndroidManifest.xml:52:3-52
	android:glEsVersion
		ADDED from src/main/AndroidManifest.xml:52:17-49
uses-feature#android.hardware.sensor.accelerometer
ADDED from src/main/AndroidManifest.xml:53:3-96
	android:required
		ADDED from src/main/AndroidManifest.xml:53:70-93
	android:name
		ADDED from src/main/AndroidManifest.xml:53:17-69
uses-feature#android.hardware.sensor.gyroscope
ADDED from src/main/AndroidManifest.xml:54:3-92
	android:required
		ADDED from src/main/AndroidManifest.xml:54:66-89
	android:name
		ADDED from src/main/AndroidManifest.xml:54:17-65
uses-permission#android.permission.NFC
ADDED from src/main/AndroidManifest.xml:55:3-60
	android:name
		ADDED from src/main/AndroidManifest.xml:55:20-57
uses-permission#android.permission.READ_EXTERNAL_STORAGE
ADDED from src/main/AndroidManifest.xml:56:3-78
	android:name
		ADDED from src/main/AndroidManifest.xml:56:20-75
uses-permission#android.permission.INTERNET
ADDED from src/main/AndroidManifest.xml:57:3-65
	android:name
		ADDED from src/main/AndroidManifest.xml:57:20-62
uses-feature#android.software.vr.mode
ADDED from src/main/AndroidManifest.xml:59:3-84
	android:required
		ADDED from src/main/AndroidManifest.xml:59:57-81
	android:name
		ADDED from src/main/AndroidManifest.xml:59:17-56
uses-feature#android.hardware.vr.high_performance
ADDED from src/main/AndroidManifest.xml:60:3-96
	android:required
		ADDED from src/main/AndroidManifest.xml:60:69-93
	android:name
		ADDED from src/main/AndroidManifest.xml:60:17-68
uses-permission#android.permission.VIBRATE
ADDED from src/main/AndroidManifest.xml:61:3-64
	android:name
		ADDED from src/main/AndroidManifest.xml:61:20-61
uses-permission#android.permission.WRITE_EXTERNAL_STORAGE
ADDED from src/main/AndroidManifest.xml:62:3-106
	android:maxSdkVersion
		ADDED from src/main/AndroidManifest.xml:62:77-103
	android:name
		ADDED from src/main/AndroidManifest.xml:62:20-76
uses-feature#android.hardware.touchscreen
ADDED from src/main/AndroidManifest.xml:63:3-88
	android:required
		ADDED from src/main/AndroidManifest.xml:63:61-85
	android:name
		ADDED from src/main/AndroidManifest.xml:63:17-60
uses-feature#android.hardware.touchscreen.multitouch
ADDED from src/main/AndroidManifest.xml:64:3-99
	android:required
		ADDED from src/main/AndroidManifest.xml:64:72-96
	android:name
		ADDED from src/main/AndroidManifest.xml:64:17-71
uses-feature#android.hardware.touchscreen.multitouch.distinct
ADDED from src/main/AndroidManifest.xml:65:3-108
	android:required
		ADDED from src/main/AndroidManifest.xml:65:81-105
	android:name
		ADDED from src/main/AndroidManifest.xml:65:17-80
uses-permission#android.permission.READ_PHONE_STATE
IMPLIED from src/main/AndroidManifest.xml:17:1-66:12 reason: vr.gvr.platform.unity has a targetSdkVersion < 4